Arguments: 
  /usr/local/Cellar/node/11.13.0/bin/node /usr/local/Cellar/yarn/1.15.2/libexec/bin/yarn.js install

PATH: 
  /usr/local/bin:/usr/bin:/bin:/usr/sbin:/sbin

Yarn version: 
  1.15.2

Node version: 
  11.13.0

Platform: 
  darwin x64

Trace: 
  SyntaxError: /Users/xander/UltimateMoviegoersGuide/UltimateMovieDatabase/package.json: Unexpected token } in JSON at position 1388
      at JSON.parse (<anonymous>)
      at /usr/local/Cellar/yarn/1.15.2/libexec/lib/cli.js:1625:59
      at Generator.next (<anonymous>)
      at step (/usr/local/Cellar/yarn/1.15.2/libexec/lib/cli.js:304:30)
      at /usr/local/Cellar/yarn/1.15.2/libexec/lib/cli.js:315:13

npm manifest: 
  {
    "name": "ultimate-movie-db",
    "version": "0.1.0",
    "private": true,
    "homepage": "https://xanderstevenson.github.io/UltimateMovieDatabase",
    "dependencies": {
      "@babel/core": "^7.4.5",
      "axios": "^0.18.0",
      "babel": "^6.23.0",
      "es6-promise": "^4.2.6",
      "export-loader": "^1.0.52",
      "import-loader": "^1.0.1",
      "jquery": "^3.4.1",
      "lodash": "^4.17.11",
      "material-ui": "^0.20.2",
      "react": "^16.8.6",
      "react-bootstrap": "^1.0.0-beta.8",
      "react-dom": "^16.8.6",
      "react-redux": "^7.0.3",
      "react-router-dom": "^5.0.0",
      "react-scripts": "3.0.1",
      "redux": "^4.0.1",
      "redux-logger": "^3.0.6",
      "redux-thunk": "^2.3.0"
    },
    "scripts": {
      "start": "react-scripts start",
      "predeploy": "npm run build",
      "deploy": "gh-pages -d build",
      "build": "react-scripts build",
      "test": "react-scripts test",
      "eject": "react-scripts eject"
    },
    "eslintConfig": {
      "extends": "react-app"
    },
    "browserslist": {
      "production": [
        ">0.2%",
        "not dead",
        "not op_mini all"
      ],
      "development": [
        "last 1 chrome version",
        "last 1 firefox version",
        "last 1 safari version"
      ]
    },
    "devDependencies": {
      "babel-cli": "^6.26.0",
      "babel-core": "^6.26.3",
      "babel-preset-env": "^1.7.0",
      "babel-preset-react": "^6.24.1",
      "html-webpack-plugin": "^3.2.0",
    }
  }

yarn manifest: 
  No manifest

Lockfile: 
  No lockfile
